[main] INFO  helper.Log  - Test is Starting...
[main] INFO  helper.Log  - Test is Starting...
[main] INFO  helper.Log  - App Launch
[main] INFO  helper.Log  - Verify sign In button
[main] INFO  helper.Log  - Validate Invalid email workflow
[main] INFO  helper.Log  - Test is Starting...
[main] INFO  helper.Log  - App Launch
[main] INFO  helper.Log  - Verify sign In button
[main] INFO  helper.Log  - Validate Invalid email workflow
[main] INFO  helper.Log  - Test is Starting...
[main] INFO  helper.Log  - App Launch
[main] INFO  helper.Log  - Verify sign In button
[main] INFO  helper.Log  - Validate Invalid email workflow
[main] INFO  helper.Log  - Validate invalid password flow successfully
[main] INFO  helper.Log  - Test is Ending...
[main] INFO  helper.Log  - Test is Starting...
[main] INFO  helper.Log  - App Launch
[main] INFO  helper.Log  - Verify sign In button
[main] INFO  helper.Log  - Test is Starting...
[main] INFO  helper.Log  - App Launch
[main] INFO  helper.Log  - Verify sign In button
[main] INFO  helper.Log  - Test is Starting...
[main] INFO  helper.Log  - App Launch
[main] INFO  helper.Log  - Verify sign In button
[main] INFO  helper.Log  - Test is Starting...
[main] INFO  helper.Log  - App Launch
[main] INFO  helper.Log  - Verify sign In button
[main] INFO  helper.Log  - Test is Starting...
[main] INFO  helper.Log  - App Launch
[main] INFO  helper.Log  - Verify sign In button
[main] INFO  helper.Log  - Test is Starting...
[main] INFO  helper.Log  - App Launch
[main] INFO  helper.Log  - Verify sign In button
[main] INFO  helper.Log  - Test is Starting...
[main] INFO  helper.Log  - App Launch
[main] INFO  helper.Log  - Verify sign In button
[main] INFO  helper.Log  - Test is Starting...
[main] INFO  helper.Log  - App Launch
[main] INFO  helper.Log  - Verify sign In button
[main] INFO  helper.Log  - Test is Starting...
[main] INFO  helper.Log  - App Launch
[main] INFO  helper.Log  - Verify sign In button
[main] INFO  helper.Log  - Test is Starting...
[main] INFO  helper.Log  - App Launch
[main] INFO  helper.Log  - Verify sign In button
[main] INFO  helper.Log  - Test is Starting...
[main] INFO  helper.Log  - App Launch
[main] INFO  helper.Log  - Verify sign In button
[main] INFO  helper.Log  - Test is Starting...
[main] INFO  helper.Log  - App Launch
[main] INFO  helper.Log  - Verify sign In button
[main] INFO  helper.Log  - Test is Starting...
[main] INFO  helper.Log  - App Launch
[main] INFO  helper.Log  - Verify sign In button
[main] INFO  helper.Log  - Test is Starting...
[main] INFO  helper.Log  - App Launch
[main] INFO  helper.Log  - Verify sign In button
[main] INFO  helper.Log  - Test is Starting...
[main] INFO  helper.Log  - App Launch
[main] INFO  helper.Log  - Verify sign In button
[main] INFO  helper.Log  - Test is Starting...
[main] INFO  helper.Log  - App Launch
[main] INFO  helper.Log  - Verify sign In button
[main] INFO  helper.Log  - Test is Starting...
[main] INFO  helper.Log  - App Launch
[main] INFO  helper.Log  - Verify sign In button
[main] INFO  helper.Log  - Test is Starting...
[main] INFO  helper.Log  - App Launch
[main] INFO  helper.Log  - Verify sign In button
[main] INFO  helper.Log  - Test is Starting...
[main] INFO  helper.Log  - App Launch
[main] INFO  helper.Log  - Verify sign In button
[main] INFO  helper.Log  - Test is Starting...
[main] INFO  helper.Log  - App Launch
[main] INFO  helper.Log  - Verify sign In button
[main] INFO  helper.Log  - Test is Starting...
[main] INFO  helper.Log  - Test is Starting...
[main] INFO  helper.Log  - App Launch
[main] INFO  helper.Log  - Verify sign In button
[main] INFO  helper.Log  - Product compare successfully
[main] INFO  helper.Log  - Test is Ending...
[main] INFO  helper.Log  - Test is Starting...
[main] INFO  helper.Log  - App Launch
[main] INFO  helper.Log  - Test is Starting...
[main] INFO  helper.Log  - App Launch
[main] INFO  helper.Log  - Verify sign In button
[main] INFO  helper.Log  - Test is Starting...
[main] INFO  helper.Log  - App Launch
[main] INFO  helper.Log  - Verify sign In button
[main] INFO  helper.Log  - Test is Starting...
[main] INFO  helper.Log  - App Launch
[main] INFO  helper.Log  - Verify sign In button
[main] INFO  helper.Log  - Test is Starting...
[main] INFO  helper.Log  - App Launch
[main] INFO  helper.Log  - Verify sign In button
[main] INFO  helper.Log  - Product Name and price fetched from UI and saved in HashMap as:{236.31=Samsung Electronics UN32J4001 32-Inch 720p LED TV (2017 Model)}<br>
[main] INFO  helper.Log  - High Product Price is: 236.31 Product name is: Samsung Electronics UN32J4001 32-Inch 720p LED TV (2017 Model)
[main] INFO  helper.Log  - Low Product Price is: 236.31 Product name is: Samsung Electronics UN32J4001 32-Inch 720p LED TV (2017 Model)
[main] INFO  helper.Log  - Test is Ending...
[main] INFO  helper.Log  - Test is Starting...
[main] INFO  helper.Log  - App Launch
[main] INFO  helper.Log  - Verify sign In button
[main] INFO  helper.Log  - Test is Starting...
[main] INFO  helper.Log  - App Launch
[main] INFO  helper.Log  - Verify sign In button
[main] INFO  helper.Log  - Test is Starting...
[main] INFO  helper.Log  - App Launch
[main] INFO  helper.Log  - Verify sign In button
[main] INFO  helper.Log  - Product Name and price fetched from UI and saved in HashMap as:{236.31=Samsung Electronics UN32N5300AFXZA 32" 1080p Smart LED TV (2018), Black, 148.0=Samsung Electronics UN32N5300AFXZA 32inch 1080p Smart LED TV (2018) Black (Renewed)}<br>
[main] INFO  helper.Log  - High Product Price is: 236.31 Product name is: Samsung Electronics UN32N5300AFXZA 32" 1080p Smart LED TV (2018), Black
[main] INFO  helper.Log  - Low Product Price is: 148.0 Product name is: Samsung Electronics UN32N5300AFXZA 32inch 1080p Smart LED TV (2018) Black (Renewed)
[main] INFO  helper.Log  - Test is Ending...
[main] INFO  helper.Log  - Test is Starting...
[main] INFO  helper.Log  - Test is Starting...
[main] INFO  helper.Log  - Test is Starting...
[main] INFO  helper.Log  - Test is Starting...
[main] INFO  helper.Log  - Test is Starting...
[main] INFO  helper.Log  - App Launch
[main] INFO  helper.Log  - Verify sign In button
[TestNG-tests-1] INFO  helper.Log  - Test is Starting...
[TestNG-tests-1] INFO  helper.Log  - App Launch
[TestNG-tests-1] INFO  helper.Log  - Verify sign In button
[TestNG-tests-1] INFO  helper.Log  - org.openqa.selenium.WebDriverException: java.io.IOException: unexpected end of stream on Connection{127.0.1.1:4723, proxy=DIRECT hostAddress=/127.0.1.1:4723 cipherSuite=none protocol=http/1.1}
Build info: version: '3.141.59', revision: 'e82be7d358', time: '2018-11-14T08:17:03'
System info: host: 'WKWIN1451159', ip: '192.168.43.215', os.name: 'Windows 10', os.arch: 'amd64', os.version: '10.0', java.version: '1.8.0_171'
Driver info: driver.version: AndroidDriver
[TestNG-tests-1] INFO  helper.Log  - Test is Starting...
[TestNG-tests-1] INFO  helper.Log  - App Launch
[TestNG-tests-1] INFO  helper.Log  - Verify sign In button
[TestNG-tests-1] INFO  helper.Log  - Test is Ending...
[TestNG-tests-1] INFO  helper.Log  - Test is Starting...
[TestNG-tests-1] INFO  helper.Log  - App Launch
[TestNG-tests-1] INFO  helper.Log  - Verify sign In button
[TestNG-tests-1] INFO  helper.Log  - Test is Ending...
[TestNG-tests-1] INFO  helper.Log  - Test is Starting...
[TestNG-tests-1] INFO  helper.Log  - App Launch
[TestNG-tests-1] INFO  helper.Log  - Verify sign In button
[TestNG-tests-1] INFO  helper.Log  - Test is Ending...
[TestNG-tests-1] INFO  helper.Log  - Test is Starting...
[TestNG-tests-1] INFO  helper.Log  - Test is Starting...
[TestNG-tests-1] INFO  helper.Log  - App Launch
[TestNG-tests-1] INFO  helper.Log  - Verify sign In button
[TestNG-tests-1] INFO  helper.Log  - Test is Ending...
[main] INFO  helper.Log  - Test is Starting...
[main] INFO  helper.Log  - App Launch
[TestNG-tests-1] INFO  helper.Log  - Test is Starting...
[TestNG-tests-1] INFO  helper.Log  - App Launch
[TestNG-tests-1] INFO  helper.Log  - Verify sign In button
[main] INFO  helper.Log  - Test is Starting...
[main] INFO  helper.Log  - Test is Starting...
[main] INFO  helper.Log  - App Launch
[main] INFO  helper.Log  - Verify sign In button
[main] INFO  helper.Log  - Test is Starting...
[main] INFO  helper.Log  - App Launch
[main] INFO  helper.Log  - Verify sign In button
[main] INFO  helper.Log  - Test is Starting...
[main] INFO  helper.Log  - App Launch
[main] INFO  helper.Log  - Verify sign In button
[main] INFO  helper.Log  - Test is Ending...
[TestNG-tests-1] INFO  helper.Log  - Test is Starting...
[TestNG-tests-1] INFO  helper.Log  - App Launch
[TestNG-tests-1] INFO  helper.Log  - Can't locate an element by this strategy: By.chained({By.xpath: //android.widget.Button[@text='Already a customer? Sign in']})
[TestNG-tests-1] INFO  helper.Log  - Test is Ending...
[TestNG-tests-1] INFO  helper.Log  - Test is Starting...
[TestNG-tests-1] INFO  helper.Log  - App Launch
[TestNG-tests-1] INFO  helper.Log  - Verify sign In button
[TestNG-tests-1] INFO  helper.Log  - Test is Ending...
